app/build/intermediates/manifest_merge_blame_file/release/manifest-merger-blame-release-report.txt
1<?xml version="1.0" encoding="utf-8"?>
2<manifest xmlns:android="http://schemas.android.com/apk/res/android"
3    package="com.kamui.kindnest"
4    android:versionCode="1"
5    android:versionName="1.0" >
6
7    <uses-sdk
8        android:minSdkVersion="21"
8-->src\main\AndroidManifest.xml
9        android:targetSdkVersion="33" />
9-->src\main\AndroidManifest.xml
10
11    <uses-permission android:name="android.permission.ACCESS_COARSE_LOCATION" />
11-->src\main\AndroidManifest.xml:5:5-81
11-->src\main\AndroidManifest.xml:5:22-78
12    <uses-permission android:name="android.permission.ACCESS_FINE_LOCATION" />
12-->src\main\AndroidManifest.xml:6:5-79
12-->src\main\AndroidManifest.xml:6:22-76
13    <uses-permission android:name="android.permission.ACCESS_COARSE_LOCATION" />
13-->src\main\AndroidManifest.xml:5:5-81
13-->src\main\AndroidManifest.xml:5:22-78
14    <uses-permission android:name="android.permission.READ_EXTERNAL_STORAGE" />
14-->src\main\AndroidManifest.xml:8:5-80
14-->src\main\AndroidManifest.xml:8:22-77
15    <uses-permission android:name="android.permission.INTERNET" />
15-->src\main\AndroidManifest.xml:9:5-67
15-->src\main\AndroidManifest.xml:9:22-64
16    <uses-permission android:name="android.permission.ACCESS_NETWORK_STATE" />
16-->src\main\AndroidManifest.xml:10:5-79
16-->src\main\AndroidManifest.xml:10:22-76
17
18    <permission
18-->src\main\AndroidManifest.xml:11:5-12:47
19        android:name="com.kamui.fooddonation.permission.C2D_MESSAGE"
19-->src\main\AndroidManifest.xml:11:17-77
20        android:protectionLevel="signature" />
20-->src\main\AndroidManifest.xml:12:9-44
21
22    <uses-permission android:name="com.kamui.fooddonation.permission.C2D_MESSAGE" />
22-->src\main\AndroidManifest.xml:13:5-85
22-->src\main\AndroidManifest.xml:13:22-82
23
24    <supports-screens
24-->[org.osmdroid:osmdroid-android:6.1.10] AndroidManifest.xml:11:5-14:40
25        android:anyDensity="true"
25-->[org.osmdroid:osmdroid-android:6.1.10] AndroidManifest.xml:12:9-34
26        android:largeScreens="true"
26-->[org.osmdroid:osmdroid-android:6.1.10] AndroidManifest.xml:13:9-36
27        android:normalScreens="true" />
27-->[org.osmdroid:osmdroid-android:6.1.10] AndroidManifest.xml:14:9-37
28
29    <uses-feature
29-->[org.osmdroid:osmdroid-android:6.1.10] AndroidManifest.xml:16:5-18:36
30        android:name="android.hardware.location.network"
30-->[org.osmdroid:osmdroid-android:6.1.10] AndroidManifest.xml:17:9-57
31        android:required="false" />
31-->[org.osmdroid:osmdroid-android:6.1.10] AndroidManifest.xml:18:9-33
32    <uses-feature
32-->[org.osmdroid:osmdroid-android:6.1.10] AndroidManifest.xml:19:5-21:36
33        android:name="android.hardware.location.gps"
33-->[org.osmdroid:osmdroid-android:6.1.10] AndroidManifest.xml:20:9-53
34        android:required="false" />
34-->[org.osmdroid:osmdroid-android:6.1.10] AndroidManifest.xml:21:9-33
35    <uses-feature
35-->[org.osmdroid:osmdroid-android:6.1.10] AndroidManifest.xml:22:5-24:36
36        android:name="android.hardware.telephony"
36-->[org.osmdroid:osmdroid-android:6.1.10] AndroidManifest.xml:23:9-50
37        android:required="false" />
37-->[org.osmdroid:osmdroid-android:6.1.10] AndroidManifest.xml:24:9-33
38    <uses-feature
38-->[org.osmdroid:osmdroid-android:6.1.10] AndroidManifest.xml:25:5-27:36
39        android:name="android.hardware.wifi"
39-->[org.osmdroid:osmdroid-android:6.1.10] AndroidManifest.xml:26:9-45
40        android:required="false" />
40-->[org.osmdroid:osmdroid-android:6.1.10] AndroidManifest.xml:27:9-33
41
42    <uses-permission android:name="android.permission.ACCESS_WIFI_STATE" />
42-->[com.google.android.libraries.places:places:2.5.0] AndroidManifest.xml:10:5-76
42-->[com.google.android.libraries.places:places:2.5.0] AndroidManifest.xml:10:22-73
43    <uses-permission android:name="android.permission.POST_NOTIFICATIONS" />
43-->[com.google.firebase:firebase-messaging:23.1.0] AndroidManifest.xml:25:5-77
43-->[com.google.firebase:firebase-messaging:23.1.0] AndroidManifest.xml:25:22-74
44    <uses-permission android:name="android.permission.WAKE_LOCK" /> <!-- Required by older versions of Google Play services to create IID tokens -->
44-->[com.google.firebase:firebase-messaging:23.1.0] AndroidManifest.xml:26:5-68
44-->[com.google.firebase:firebase-messaging:23.1.0] AndroidManifest.xml:26:22-65
45    <uses-permission android:name="com.google.android.c2dm.permission.RECEIVE" />
45-->[com.google.firebase:firebase-messaging:23.1.0] AndroidManifest.xml:28:5-82
45-->[com.google.firebase:firebase-messaging:23.1.0] AndroidManifest.xml:28:22-79
46
47    <uses-feature
47-->[com.google.android.gms:play-services-maps:17.0.0] AndroidManifest.xml:26:5-28:35
48        android:glEsVersion="0x00020000"
48-->[com.google.android.gms:play-services-maps:17.0.0] AndroidManifest.xml:27:9-41
49        android:required="true" />
49-->[com.google.android.gms:play-services-maps:17.0.0] AndroidManifest.xml:28:9-32
50
51    <uses-permission android:name="android.permission.REORDER_TASKS" />
51-->[androidx.test:core:1.4.0] AndroidManifest.xml:24:5-72
51-->[androidx.test:core:1.4.0] AndroidManifest.xml:24:22-69
52
53    <application
53-->src\main\AndroidManifest.xml:15:5-249:19
54        android:allowBackup="true"
54-->src\main\AndroidManifest.xml:16:9-35
55        android:appComponentFactory="androidx.core.app.CoreComponentFactory"
55-->[androidx.core:core:1.8.0] AndroidManifest.xml:24:18-86
56        android:dataExtractionRules="@xml/data_extraction_rules"
56-->src\main\AndroidManifest.xml:17:9-65
57        android:fullBackupContent="@xml/backup_rules"
57-->src\main\AndroidManifest.xml:18:9-54
58        android:icon="@mipmap/ic_launcher"
58-->src\main\AndroidManifest.xml:19:9-43
59        android:label="@string/app_name"
59-->src\main\AndroidManifest.xml:20:9-41
60        android:roundIcon="@mipmap/ic_launcher_round"
60-->src\main\AndroidManifest.xml:21:9-54
61        android:supportsRtl="true"
61-->src\main\AndroidManifest.xml:22:9-35
62        android:theme="@style/Theme.KamuiFoodDonationApp" >
62-->src\main\AndroidManifest.xml:23:9-58
63        <receiver
63-->src\main\AndroidManifest.xml:26:9-34:20
64            android:name="com.kamui.fooddonation.NetworkChangeReceiver"
64-->src\main\AndroidManifest.xml:27:13-50
65            android:enabled="true"
65-->src\main\AndroidManifest.xml:28:13-35
66            android:exported="false" >
66-->src\main\AndroidManifest.xml:29:13-37
67            <intent-filter>
67-->src\main\AndroidManifest.xml:30:13-33:29
68                <action android:name="android.net.conn.CONNECTIVITY_CHANGE" />
68-->src\main\AndroidManifest.xml:31:17-32:50
68-->src\main\AndroidManifest.xml:31:25-76
69            </intent-filter>
70        </receiver>
71
72        <!--
73     Set custom default icon. This is used when no icon is set for incoming notification messages.
74     See README(https://goo.gl/l4GJaQ) for more.
75        -->
76        <meta-data
76-->src\main\AndroidManifest.xml:38:9-40:58
77            android:name="com.google.firebase.messaging.default_notification_icon"
77-->src\main\AndroidManifest.xml:39:13-83
78            android:resource="@drawable/splash_screen" />
78-->src\main\AndroidManifest.xml:40:13-55
79        <!--
80             Set color used with incoming notification messages. This is used when no color is set for the incoming
81             notification message. See README(https://goo.gl/6BKBk7) for more.
82        -->
83        <meta-data
83-->src\main\AndroidManifest.xml:43:9-45:53
84            android:name="com.google.firebase.messaging.default_notification_color"
84-->src\main\AndroidManifest.xml:44:13-84
85            android:resource="@color/colorAccent" />
85-->src\main\AndroidManifest.xml:45:13-50
86
87        <service
87-->src\main\AndroidManifest.xml:47:9-52:19
88            android:name="com.kamui.fooddonation.MyFirebaseMessagingService"
88-->src\main\AndroidManifest.xml:47:18-60
89            android:exported="false" >
89-->src\main\AndroidManifest.xml:48:13-37
90            <intent-filter>
90-->src\main\AndroidManifest.xml:49:13-51:29
91                <action android:name="com.google.firebase.MESSAGING_EVENT" />
91-->src\main\AndroidManifest.xml:50:17-78
91-->src\main\AndroidManifest.xml:50:25-75
92            </intent-filter>
93        </service>
94
95        <activity
95-->src\main\AndroidManifest.xml:54:9-56:40
96            android:name="com.kamui.fooddonation.EditProfile"
96-->src\main\AndroidManifest.xml:55:13-40
97            android:exported="false" />
97-->src\main\AndroidManifest.xml:56:13-37
98        <activity
98-->src\main\AndroidManifest.xml:57:9-59:40
99            android:name="com.kamui.fooddonation.admin.AdminDonationActivity"
99-->src\main\AndroidManifest.xml:58:13-56
100            android:exported="false" />
100-->src\main\AndroidManifest.xml:59:13-37
101        <activity
101-->src\main\AndroidManifest.xml:60:9-62:40
102            android:name="com.kamui.fooddonation.BaseActivity"
102-->src\main\AndroidManifest.xml:61:13-41
103            android:exported="false" />
103-->src\main\AndroidManifest.xml:62:13-37
104        <activity
104-->src\main\AndroidManifest.xml:63:9-65:40
105            android:name="com.kamui.fooddonation.ngo.DonationDetails"
105-->src\main\AndroidManifest.xml:64:13-48
106            android:exported="false" />
106-->src\main\AndroidManifest.xml:65:13-37
107        <activity
107-->src\main\AndroidManifest.xml:66:9-72:20
108            android:name="com.kamui.fooddonation.receiver.RcHomePage"
108-->src\main\AndroidManifest.xml:67:13-48
109            android:exported="false" >
109-->src\main\AndroidManifest.xml:68:13-37
110            <meta-data
110-->src\main\AndroidManifest.xml:69:13-71:36
111                android:name="android.app.lib_name"
111-->src\main\AndroidManifest.xml:70:17-52
112                android:value="" />
112-->src\main\AndroidManifest.xml:71:17-33
113        </activity>
114        <activity
114-->src\main\AndroidManifest.xml:73:9-79:20
115            android:name="com.kamui.fooddonation.volunteer.VHomePage"
115-->src\main\AndroidManifest.xml:74:13-48
116            android:exported="false" >
116-->src\main\AndroidManifest.xml:75:13-37
117            <meta-data
117-->src\main\AndroidManifest.xml:69:13-71:36
118                android:name="android.app.lib_name"
118-->src\main\AndroidManifest.xml:70:17-52
119                android:value="" />
119-->src\main\AndroidManifest.xml:71:17-33
120        </activity>
121        <activity
121-->src\main\AndroidManifest.xml:80:9-86:20
122            android:name="com.kamui.fooddonation.ngo.UpdateEmployee"
122-->src\main\AndroidManifest.xml:81:13-47
123            android:exported="false" >
123-->src\main\AndroidManifest.xml:82:13-37
124            <meta-data
124-->src\main\AndroidManifest.xml:69:13-71:36
125                android:name="android.app.lib_name"
125-->src\main\AndroidManifest.xml:70:17-52
126                android:value="" />
126-->src\main\AndroidManifest.xml:71:17-33
127        </activity>
128        <activity
128-->src\main\AndroidManifest.xml:87:9-93:20
129            android:name="com.kamui.fooddonation.ngo.AddEmployee"
129-->src\main\AndroidManifest.xml:88:13-44
130            android:exported="false" >
130-->src\main\AndroidManifest.xml:89:13-37
131            <meta-data
131-->src\main\AndroidManifest.xml:69:13-71:36
132                android:name="android.app.lib_name"
132-->src\main\AndroidManifest.xml:70:17-52
133                android:value="" />
133-->src\main\AndroidManifest.xml:71:17-33
134        </activity>
135        <activity
135-->src\main\AndroidManifest.xml:94:9-100:20
136            android:name="com.kamui.fooddonation.admin.AddRestaurant"
136-->src\main\AndroidManifest.xml:95:13-48
137            android:exported="false" >
137-->src\main\AndroidManifest.xml:96:13-37
138            <meta-data
138-->src\main\AndroidManifest.xml:69:13-71:36
139                android:name="android.app.lib_name"
139-->src\main\AndroidManifest.xml:70:17-52
140                android:value="" />
140-->src\main\AndroidManifest.xml:71:17-33
141        </activity>
142        <activity
142-->src\main\AndroidManifest.xml:101:9-107:20
143            android:name="com.kamui.fooddonation.admin.AddNgo"
143-->src\main\AndroidManifest.xml:102:13-41
144            android:exported="false" >
144-->src\main\AndroidManifest.xml:103:13-37
145            <meta-data
145-->src\main\AndroidManifest.xml:69:13-71:36
146                android:name="android.app.lib_name"
146-->src\main\AndroidManifest.xml:70:17-52
147                android:value="" />
147-->src\main\AndroidManifest.xml:71:17-33
148        </activity>
149        <activity
149-->src\main\AndroidManifest.xml:108:9-114:20
150            android:name="com.kamui.fooddonation.admin.NgoDetails"
150-->src\main\AndroidManifest.xml:109:13-45
151            android:exported="false" >
151-->src\main\AndroidManifest.xml:110:13-37
152            <meta-data
152-->src\main\AndroidManifest.xml:69:13-71:36
153                android:name="android.app.lib_name"
153-->src\main\AndroidManifest.xml:70:17-52
154                android:value="" />
154-->src\main\AndroidManifest.xml:71:17-33
155        </activity>
156        <activity
156-->src\main\AndroidManifest.xml:115:9-121:20
157            android:name="com.kamui.fooddonation.admin.RestaurantsDetails"
157-->src\main\AndroidManifest.xml:116:13-53
158            android:exported="false" >
158-->src\main\AndroidManifest.xml:117:13-37
159            <meta-data
159-->src\main\AndroidManifest.xml:69:13-71:36
160                android:name="android.app.lib_name"
160-->src\main\AndroidManifest.xml:70:17-52
161                android:value="" />
161-->src\main\AndroidManifest.xml:71:17-33
162        </activity>
163        <activity
163-->src\main\AndroidManifest.xml:122:9-128:20
164            android:name="com.kamui.fooddonation.restaurant.RAddRequest"
164-->src\main\AndroidManifest.xml:123:13-51
165            android:exported="false" >
165-->src\main\AndroidManifest.xml:124:13-37
166            <meta-data
166-->src\main\AndroidManifest.xml:69:13-71:36
167                android:name="android.app.lib_name"
167-->src\main\AndroidManifest.xml:70:17-52
168                android:value="" />
168-->src\main\AndroidManifest.xml:71:17-33
169        </activity>
170        <activity
170-->src\main\AndroidManifest.xml:129:9-135:20
171            android:name="com.kamui.fooddonation.Example"
171-->src\main\AndroidManifest.xml:130:13-36
172            android:exported="false" >
172-->src\main\AndroidManifest.xml:131:13-37
173            <meta-data
173-->src\main\AndroidManifest.xml:69:13-71:36
174                android:name="android.app.lib_name"
174-->src\main\AndroidManifest.xml:70:17-52
175                android:value="" />
175-->src\main\AndroidManifest.xml:71:17-33
176        </activity>
177        <activity
177-->src\main\AndroidManifest.xml:136:9-142:20
178            android:name="com.kamui.fooddonation.admin.AHomePage"
178-->src\main\AndroidManifest.xml:137:13-44
179            android:exported="false" >
179-->src\main\AndroidManifest.xml:138:13-37
180            <meta-data
180-->src\main\AndroidManifest.xml:69:13-71:36
181                android:name="android.app.lib_name"
181-->src\main\AndroidManifest.xml:70:17-52
182                android:value="" />
182-->src\main\AndroidManifest.xml:71:17-33
183        </activity>
184        <activity
184-->src\main\AndroidManifest.xml:143:9-149:20
185            android:name="com.kamui.fooddonation.ngo.NHomePage"
185-->src\main\AndroidManifest.xml:144:13-42
186            android:exported="false" >
186-->src\main\AndroidManifest.xml:145:13-37
187            <meta-data
187-->src\main\AndroidManifest.xml:69:13-71:36
188                android:name="android.app.lib_name"
188-->src\main\AndroidManifest.xml:70:17-52
189                android:value="" />
189-->src\main\AndroidManifest.xml:71:17-33
190        </activity>
191        <activity
191-->src\main\AndroidManifest.xml:150:9-156:20
192            android:name="com.kamui.fooddonation.restaurant.RHomePage"
192-->src\main\AndroidManifest.xml:151:13-49
193            android:exported="false" >
193-->src\main\AndroidManifest.xml:152:13-37
194            <meta-data
194-->src\main\AndroidManifest.xml:69:13-71:36
195                android:name="android.app.lib_name"
195-->src\main\AndroidManifest.xml:70:17-52
196                android:value="" />
196-->src\main\AndroidManifest.xml:71:17-33
197        </activity>
198        <activity
198-->src\main\AndroidManifest.xml:157:9-163:20
199            android:name="com.kamui.fooddonation.SignInActivity"
199-->src\main\AndroidManifest.xml:158:13-43
200            android:exported="false" >
200-->src\main\AndroidManifest.xml:159:13-37
201            <meta-data
201-->src\main\AndroidManifest.xml:69:13-71:36
202                android:name="android.app.lib_name"
202-->src\main\AndroidManifest.xml:70:17-52
203                android:value="" />
203-->src\main\AndroidManifest.xml:71:17-33
204        </activity>
205        <activity
205-->src\main\AndroidManifest.xml:164:9-171:20
206            android:name="com.kamui.fooddonation.SignupActivity"
206-->src\main\AndroidManifest.xml:165:13-43
207            android:exported="false"
207-->src\main\AndroidManifest.xml:166:13-37
208            android:theme="@style/AppTheme.signupScreen" >
208-->src\main\AndroidManifest.xml:167:13-57
209            <meta-data
209-->src\main\AndroidManifest.xml:69:13-71:36
210                android:name="android.app.lib_name"
210-->src\main\AndroidManifest.xml:70:17-52
211                android:value="" />
211-->src\main\AndroidManifest.xml:71:17-33
212        </activity>
213        <activity
213-->src\main\AndroidManifest.xml:172:9-179:20
214            android:name="com.kamui.fooddonation.volunteer.VLoginPage"
214-->src\main\AndroidManifest.xml:173:13-49
215            android:exported="false"
215-->src\main\AndroidManifest.xml:174:13-37
216            android:theme="@style/AppTheme.loginScreen" >
216-->src\main\AndroidManifest.xml:175:13-56
217            <meta-data
217-->src\main\AndroidManifest.xml:69:13-71:36
218                android:name="android.app.lib_name"
218-->src\main\AndroidManifest.xml:70:17-52
219                android:value="" />
219-->src\main\AndroidManifest.xml:71:17-33
220        </activity>
221        <activity
221-->src\main\AndroidManifest.xml:180:9-187:20
222            android:name="com.kamui.fooddonation.receiver.RcLoginPage"
222-->src\main\AndroidManifest.xml:181:13-49
223            android:exported="false"
223-->src\main\AndroidManifest.xml:182:13-37
224            android:theme="@style/AppTheme.loginScreen" >
224-->src\main\AndroidManifest.xml:183:13-56
225            <meta-data
225-->src\main\AndroidManifest.xml:69:13-71:36
226                android:name="android.app.lib_name"
226-->src\main\AndroidManifest.xml:70:17-52
227                android:value="" />
227-->src\main\AndroidManifest.xml:71:17-33
228        </activity>
229        <activity
229-->src\main\AndroidManifest.xml:188:9-195:20
230            android:name="com.kamui.fooddonation.admin.ALoginPage"
230-->src\main\AndroidManifest.xml:189:13-45
231            android:exported="false"
231-->src\main\AndroidManifest.xml:190:13-37
232            android:theme="@style/AppTheme.loginScreen" >
232-->src\main\AndroidManifest.xml:191:13-56
233            <meta-data
233-->src\main\AndroidManifest.xml:69:13-71:36
234                android:name="android.app.lib_name"
234-->src\main\AndroidManifest.xml:70:17-52
235                android:value="" />
235-->src\main\AndroidManifest.xml:71:17-33
236        </activity>
237        <activity
237-->src\main\AndroidManifest.xml:196:9-203:20
238            android:name="com.kamui.fooddonation.ngo.NLoginPage"
238-->src\main\AndroidManifest.xml:197:13-43
239            android:exported="false"
239-->src\main\AndroidManifest.xml:198:13-37
240            android:theme="@style/AppTheme.loginScreen" >
240-->src\main\AndroidManifest.xml:199:13-56
241            <meta-data
241-->src\main\AndroidManifest.xml:69:13-71:36
242                android:name="android.app.lib_name"
242-->src\main\AndroidManifest.xml:70:17-52
243                android:value="" />
243-->src\main\AndroidManifest.xml:71:17-33
244        </activity>
245        <activity
245-->src\main\AndroidManifest.xml:204:9-211:20
246            android:name="com.kamui.fooddonation.restaurant.RloginPage"
246-->src\main\AndroidManifest.xml:205:13-50
247            android:exported="false"
247-->src\main\AndroidManifest.xml:206:13-37
248            android:theme="@style/AppTheme.loginScreen" >
248-->src\main\AndroidManifest.xml:207:13-56
249            <meta-data
249-->src\main\AndroidManifest.xml:69:13-71:36
250                android:name="android.app.lib_name"
250-->src\main\AndroidManifest.xml:70:17-52
251                android:value="" />
251-->src\main\AndroidManifest.xml:71:17-33
252        </activity>
253        <activity
253-->src\main\AndroidManifest.xml:212:9-219:20
254            android:name="com.kamui.fooddonation.OnboardScreen"
254-->src\main\AndroidManifest.xml:213:13-42
255            android:exported="false"
255-->src\main\AndroidManifest.xml:214:13-37
256            android:theme="@style/AppTheme.OnboardScreen" >
256-->src\main\AndroidManifest.xml:215:13-58
257            <meta-data
257-->src\main\AndroidManifest.xml:69:13-71:36
258                android:name="android.app.lib_name"
258-->src\main\AndroidManifest.xml:70:17-52
259                android:value="" />
259-->src\main\AndroidManifest.xml:71:17-33
260        </activity>
261        <activity
261-->src\main\AndroidManifest.xml:220:9-227:20
262            android:name="com.kamui.fooddonation.slider.SliderActivity"
262-->src\main\AndroidManifest.xml:221:13-50
263            android:exported="false"
263-->src\main\AndroidManifest.xml:222:13-37
264            android:theme="@style/AppTheme.sliderScreen" >
264-->src\main\AndroidManifest.xml:223:13-57
265            <meta-data
265-->src\main\AndroidManifest.xml:69:13-71:36
266                android:name="android.app.lib_name"
266-->src\main\AndroidManifest.xml:70:17-52
267                android:value="" />
267-->src\main\AndroidManifest.xml:71:17-33
268        </activity>
269        <activity
269-->src\main\AndroidManifest.xml:228:9-241:20
270            android:name="com.kamui.fooddonation.SplashActivity"
270-->src\main\AndroidManifest.xml:229:13-43
271            android:exported="true"
271-->src\main\AndroidManifest.xml:230:13-36
272            android:theme="@style/AppTheme.SplashScreen" >
272-->src\main\AndroidManifest.xml:231:13-57
273            <intent-filter>
273-->src\main\AndroidManifest.xml:232:13-236:29
274                <action android:name="android.intent.action.MAIN" />
274-->src\main\AndroidManifest.xml:233:17-69
274-->src\main\AndroidManifest.xml:233:25-66
275
276                <category android:name="android.intent.category.LAUNCHER" />
276-->src\main\AndroidManifest.xml:235:17-77
276-->src\main\AndroidManifest.xml:235:27-74
277            </intent-filter>
278
279            <meta-data
279-->src\main\AndroidManifest.xml:69:13-71:36
280                android:name="android.app.lib_name"
280-->src\main\AndroidManifest.xml:70:17-52
281                android:value="" />
281-->src\main\AndroidManifest.xml:71:17-33
282        </activity>
283        <activity
283-->src\main\AndroidManifest.xml:242:9-248:20
284            android:name="com.kamui.fooddonation.MainActivity"
284-->src\main\AndroidManifest.xml:243:13-41
285            android:exported="true" >
285-->src\main\AndroidManifest.xml:244:13-36
286            <meta-data
286-->src\main\AndroidManifest.xml:69:13-71:36
287                android:name="android.app.lib_name"
287-->src\main\AndroidManifest.xml:70:17-52
288                android:value="" />
288-->src\main\AndroidManifest.xml:71:17-33
289        </activity>
290        <activity
290-->[com.google.android.libraries.places:places:2.5.0] AndroidManifest.xml:14:9-20:20
291            android:name="com.google.android.libraries.places.widget.AutocompleteActivity"
291-->[com.google.android.libraries.places:places:2.5.0] AndroidManifest.xml:15:13-91
292            android:exported="false"
292-->[com.google.android.libraries.places:places:2.5.0] AndroidManifest.xml:16:13-37
293            android:label="@string/places_autocomplete_label"
293-->[com.google.android.libraries.places:places:2.5.0] AndroidManifest.xml:17:13-62
294            android:theme="@style/PlacesAutocompleteOverlay"
294-->[com.google.android.libraries.places:places:2.5.0] AndroidManifest.xml:18:13-61
295            android:windowSoftInputMode="adjustResize" >
295-->[com.google.android.libraries.places:places:2.5.0] AndroidManifest.xml:19:13-55
296        </activity>
297
298        <service
298-->[com.google.firebase:firebase-database-ktx:20.0.4] AndroidManifest.xml:12:9-18:19
299            android:name="com.google.firebase.components.ComponentDiscoveryService"
299-->[com.google.firebase:firebase-database-ktx:20.0.4] AndroidManifest.xml:13:13-84
300            android:directBootAware="true"
300-->[com.google.firebase:firebase-common:20.3.1] AndroidManifest.xml:34:13-43
301            android:exported="false" >
301-->[com.google.firebase:firebase-database-ktx:20.0.4] AndroidManifest.xml:14:13-37
302            <meta-data
302-->[com.google.firebase:firebase-database-ktx:20.0.4] AndroidManifest.xml:15:13-17:85
303                android:name="com.google.firebase.components:com.google.firebase.database.ktx.FirebaseDatabaseKtxRegistrar"
303-->[com.google.firebase:firebase-database-ktx:20.0.4] AndroidManifest.xml:16:17-124
304                android:value="com.google.firebase.components.ComponentRegistrar" />
304-->[com.google.firebase:firebase-database-ktx:20.0.4] AndroidManifest.xml:17:17-82
305            <meta-data
305-->[com.google.firebase:firebase-auth-ktx:21.1.0] AndroidManifest.xml:11:13-13:85
306                android:name="com.google.firebase.components:com.google.firebase.auth.ktx.FirebaseAuthKtxRegistrar"
306-->[com.google.firebase:firebase-auth-ktx:21.1.0] AndroidManifest.xml:12:17-116
307                android:value="com.google.firebase.components.ComponentRegistrar" />
307-->[com.google.firebase:firebase-auth-ktx:21.1.0] AndroidManifest.xml:13:17-82
308            <meta-data
308-->[com.google.firebase:firebase-firestore-ktx:24.4.1] AndroidManifest.xml:14:13-16:85
309                android:name="com.google.firebase.components:com.google.firebase.firestore.ktx.FirebaseFirestoreKtxRegistrar"
309-->[com.google.firebase:firebase-firestore-ktx:24.4.1] AndroidManifest.xml:15:17-126
310                android:value="com.google.firebase.components.ComponentRegistrar" />
310-->[com.google.firebase:firebase-firestore-ktx:24.4.1] AndroidManifest.xml:16:17-82
311            <meta-data
311-->[com.google.firebase:firebase-messaging-ktx:23.1.0] AndroidManifest.xml:28:13-30:85
312                android:name="com.google.firebase.components:com.google.firebase.messaging.ktx.FirebaseMessagingKtxRegistrar"
312-->[com.google.firebase:firebase-messaging-ktx:23.1.0] AndroidManifest.xml:29:17-126
313                android:value="com.google.firebase.components.ComponentRegistrar" />
313-->[com.google.firebase:firebase-messaging-ktx:23.1.0] AndroidManifest.xml:30:17-82
314            <meta-data
314-->[com.google.firebase:firebase-common-ktx:20.2.0] AndroidManifest.xml:14:13-16:85
315                android:name="com.google.firebase.components:com.google.firebase.ktx.FirebaseCommonKtxRegistrar"
315-->[com.google.firebase:firebase-common-ktx:20.2.0] AndroidManifest.xml:15:17-113
316                android:value="com.google.firebase.components.ComponentRegistrar" />
316-->[com.google.firebase:firebase-common-ktx:20.2.0] AndroidManifest.xml:16:17-82
317            <meta-data
317-->[com.google.firebase:firebase-auth:21.1.0] AndroidManifest.xml:67:13-69:85
318                android:name="com.google.firebase.components:com.google.firebase.auth.FirebaseAuthRegistrar"
318-->[com.google.firebase:firebase-auth:21.1.0] AndroidManifest.xml:68:17-109
319                android:value="com.google.firebase.components.ComponentRegistrar" />
319-->[com.google.firebase:firebase-auth:21.1.0] AndroidManifest.xml:69:17-82
320            <meta-data
320-->[com.google.firebase:firebase-firestore:24.5.0] AndroidManifest.xml:19:13-21:85
321                android:name="com.google.firebase.components:com.google.firebase.firestore.FirestoreRegistrar"
321-->[com.google.firebase:firebase-firestore:24.5.0] AndroidManifest.xml:20:17-111
322                android:value="com.google.firebase.components.ComponentRegistrar" />
322-->[com.google.firebase:firebase-firestore:24.5.0] AndroidManifest.xml:21:17-82
323            <meta-data
323-->[com.google.firebase:firebase-database:20.0.4] AndroidManifest.xml:32:13-34:85
324                android:name="com.google.firebase.components:com.google.firebase.database.DatabaseRegistrar"
324-->[com.google.firebase:firebase-database:20.0.4] AndroidManifest.xml:33:17-109
325                android:value="com.google.firebase.components.ComponentRegistrar" />
325-->[com.google.firebase:firebase-database:20.0.4] AndroidManifest.xml:34:17-82
326            <meta-data
326-->[com.google.firebase:firebase-storage:20.1.0] AndroidManifest.xml:32:13-34:85
327                android:name="com.google.firebase.components:com.google.firebase.storage.StorageRegistrar"
327-->[com.google.firebase:firebase-storage:20.1.0] AndroidManifest.xml:33:17-107
328                android:value="com.google.firebase.components.ComponentRegistrar" />
328-->[com.google.firebase:firebase-storage:20.1.0] AndroidManifest.xml:34:17-82
329            <meta-data
329-->[com.google.firebase:firebase-messaging:23.1.0] AndroidManifest.xml:55:13-57:85
330                android:name="com.google.firebase.components:com.google.firebase.messaging.FirebaseMessagingRegistrar"